2026-04-14 01:10:23,985 INFO o.a.j.u.JMeterUtils: Setting Locale to en_EN
2026-04-14 01:10:24,003 INFO o.a.j.JMeter: Loading user properties from: D:\apache-jmeter-5.6.3\bin\user.properties
2026-04-14 01:10:24,004 INFO o.a.j.JMeter: Loading system properties from: D:\apache-jmeter-5.6.3\bin\system.properties
2026-04-14 01:10:24,009 INFO o.a.j.JMeter: Copyright (c) 1998-2024 The Apache Software Foundation
2026-04-14 01:10:24,009 INFO o.a.j.JMeter: Version 5.6.3
2026-04-14 01:10:24,009 INFO o.a.j.JMeter: java.version=21.0.6
2026-04-14 01:10:24,010 INFO o.a.j.JMeter: java.vm.name=Java HotSpot(TM) 64-Bit Server VM
2026-04-14 01:10:24,010 INFO o.a.j.JMeter: os.name=Windows 11
2026-04-14 01:10:24,010 INFO o.a.j.JMeter: os.arch=amd64
2026-04-14 01:10:24,010 INFO o.a.j.JMeter: os.version=10.0
2026-04-14 01:10:24,010 INFO o.a.j.JMeter: file.encoding=UTF-8
2026-04-14 01:10:24,010 INFO o.a.j.JMeter: java.awt.headless=true
2026-04-14 01:10:24,010 INFO o.a.j.JMeter: Max memory     =1073741824
2026-04-14 01:10:24,010 INFO o.a.j.JMeter: Available Processors =32
2026-04-14 01:10:24,016 INFO o.a.j.JMeter: Default Locale=English (EN)
2026-04-14 01:10:24,016 INFO o.a.j.JMeter: JMeter  Locale=English (EN)
2026-04-14 01:10:24,016 INFO o.a.j.JMeter: JMeterHome=D:\apache-jmeter-5.6.3
2026-04-14 01:10:24,016 INFO o.a.j.JMeter: user.dir  =E:\code\UaaD\tools\jmeter
2026-04-14 01:10:24,016 INFO o.a.j.JMeter: PWD       =E:\code\UaaD\tools\jmeter
2026-04-14 01:10:24,018 INFO o.a.j.JMeter: IP: 192.168.229.1 Name: LAPTOP-T6V7V93Q FullName: LAPTOP-T6V7V93Q
2026-04-14 01:10:24,025 INFO o.a.j.JMeter: Setting property 'jmeter.reportgenerator.outputdir' to:'E:\code\UaaD\tools\jmeter\report-100'
2026-04-14 01:10:24,027 INFO o.a.j.s.FileServer: Default base='E:\code\UaaD\tools\jmeter'
2026-04-14 01:10:24,029 INFO o.a.j.s.FileServer: Set new base='E:\code\UaaD\tools\jmeter'
2026-04-14 01:10:24,208 INFO o.a.j.s.SaveService: Testplan (JMX) version: 2.2. Testlog (JTL) version: 2.2
2026-04-14 01:10:24,233 INFO o.a.j.s.SaveService: Using SaveService properties version 5.0
2026-04-14 01:10:24,236 INFO o.a.j.s.SaveService: Using SaveService properties file encoding UTF-8
2026-04-14 01:10:24,239 INFO o.a.j.s.SaveService: Loading file: enrollment-load.jmx
2026-04-14 01:10:24,284 INFO o.a.j.p.h.s.HTTPSamplerBase: Parser for text/html is org.apache.jmeter.protocol.http.parser.LagartoBasedHtmlParser
2026-04-14 01:10:24,284 INFO o.a.j.p.h.s.HTTPSamplerBase: Parser for application/xhtml+xml is org.apache.jmeter.protocol.http.parser.LagartoBasedHtmlParser
2026-04-14 01:10:24,284 INFO o.a.j.p.h.s.HTTPSamplerBase: Parser for application/xml is org.apache.jmeter.protocol.http.parser.LagartoBasedHtmlParser
2026-04-14 01:10:24,284 INFO o.a.j.p.h.s.HTTPSamplerBase: Parser for text/xml is org.apache.jmeter.protocol.http.parser.LagartoBasedHtmlParser
2026-04-14 01:10:24,284 INFO o.a.j.p.h.s.HTTPSamplerBase: Parser for text/vnd.wap.wml is org.apache.jmeter.protocol.http.parser.RegexpHTMLParser
2026-04-14 01:10:24,284 INFO o.a.j.p.h.s.HTTPSamplerBase: Parser for text/css is org.apache.jmeter.protocol.http.parser.CssParser
2026-04-14 01:10:24,296 INFO o.a.j.JMeter: Creating summariser <summary>
2026-04-14 01:10:24,304 INFO o.a.j.r.d.ReportGenerator: ReportGenerator will use for Parsing the separator: ','
2026-04-14 01:10:24,304 INFO o.a.j.r.d.ReportGenerator: Will generate report at end of test from  results file: results-100.jtl
2026-04-14 01:10:24,305 INFO o.a.j.r.d.ReportGenerator: Reading report generator properties from: D:\apache-jmeter-5.6.3\bin\reportgenerator.properties
2026-04-14 01:10:24,306 INFO o.a.j.r.d.ReportGenerator: Merging with JMeter properties
2026-04-14 01:10:24,308 INFO o.a.j.r.c.ReportGeneratorConfiguration: Property 'jmeter.reportgenerator.temp_dir' not found, using default value 'temp' instead.
2026-04-14 01:10:24,309 INFO o.a.j.r.c.ReportGeneratorConfiguration: Property 'jmeter.reportgenerator.apdex_per_transaction' not found, using default value 'null' instead.
2026-04-14 01:10:24,309 INFO o.a.j.r.c.ReportGeneratorConfiguration: apdex_per_transaction is empty, not APDEX per transaction customization
2026-04-14 01:10:24,309 INFO o.a.j.r.c.ReportGeneratorConfiguration: Property 'jmeter.reportgenerator.sample_filter' not found, using default value 'null' instead.
2026-04-14 01:10:24,309 INFO o.a.j.r.c.ReportGeneratorConfiguration: Property 'jmeter.reportgenerator.report_title' not found, using default value 'null' instead.
2026-04-14 01:10:24,310 INFO o.a.j.r.c.ReportGeneratorConfiguration: Property 'jmeter.reportgenerator.start_date' not found, using default value 'null' instead.
2026-04-14 01:10:24,310 INFO o.a.j.r.c.ReportGeneratorConfiguration: Property 'jmeter.reportgenerator.end_date' not found, using default value 'null' instead.
2026-04-14 01:10:24,310 INFO o.a.j.r.c.ReportGeneratorConfiguration: Property 'jmeter.reportgenerator.date_format' not found, using default value 'null' instead.
2026-04-14 01:10:24,310 INFO o.a.j.r.c.ReportGeneratorConfiguration: Will use date range start date: null, end date: null
2026-04-14 01:10:24,313 INFO o.a.j.r.c.ReportGeneratorConfiguration: Property 'jmeter.reportgenerator.graph.totalTPS.exclude_controllers' not found, using default value 'false' instead.
2026-04-14 01:10:24,313 INFO o.a.j.r.c.ReportGeneratorConfiguration: Property 'jmeter.reportgenerator.graph.activeThreadsOverTime.exclude_controllers' not found, using default value 'false' instead.
2026-04-14 01:10:24,313 INFO o.a.j.r.c.ReportGeneratorConfiguration: Property 'jmeter.reportgenerator.graph.timeVsThreads.exclude_controllers' not found, using default value 'false' instead.
2026-04-14 01:10:24,313 INFO o.a.j.r.c.ReportGeneratorConfiguration: Property 'jmeter.reportgenerator.graph.responseTimeDistribution.exclude_controllers' not found, using default value 'false' instead.
2026-04-14 01:10:24,313 INFO o.a.j.r.c.ReportGeneratorConfiguration: Property 'jmeter.reportgenerator.graph.transactionsPerSecond.exclude_controllers' not found, using default value 'false' instead.
2026-04-14 01:10:24,313 INFO o.a.j.r.c.ReportGeneratorConfiguration: Property 'jmeter.reportgenerator.graph.responseTimePercentiles.exclude_controllers' not found, using default value 'false' instead.
2026-04-14 01:10:24,313 INFO o.a.j.r.c.ReportGeneratorConfiguration: Property 'jmeter.reportgenerator.graph.responseTimePercentilesOverTime.exclude_controllers' not found, using default value 'false' instead.
2026-04-14 01:10:24,313 INFO o.a.j.r.c.ReportGeneratorConfiguration: Property 'jmeter.reportgenerator.graph.responseTimesOverTime.exclude_controllers' not found, using default value 'false' instead.
2026-04-14 01:10:24,313 INFO o.a.j.r.c.ReportGeneratorConfiguration: Property 'jmeter.reportgenerator.graph.connectTimeOverTime.exclude_controllers' not found, using default value 'false' instead.
2026-04-14 01:10:24,313 INFO o.a.j.r.c.ReportGeneratorConfiguration: Property 'jmeter.reportgenerator.graph.latenciesOverTime.exclude_controllers' not found, using default value 'false' instead.
2026-04-14 01:10:24,314 INFO o.a.j.r.c.ReportGeneratorConfiguration: Property 'jmeter.reportgenerator.exporter.json.filters_only_sample_series' not found, using default value 'true' instead.
2026-04-14 01:10:24,314 INFO o.a.j.r.c.ReportGeneratorConfiguration: Property 'jmeter.reportgenerator.exporter.json.series_filter' not found, using default value '' instead.
2026-04-14 01:10:24,314 INFO o.a.j.r.c.ReportGeneratorConfiguration: Property 'jmeter.reportgenerator.exporter.json.show_controllers_only' not found, using default value 'false' instead.
2026-04-14 01:10:24,315 INFO o.a.j.r.c.ReportGeneratorConfiguration: Property 'jmeter.reportgenerator.exporter.html.filters_only_sample_series' not found, using default value 'true' instead.
2026-04-14 01:10:24,315 INFO o.a.j.r.c.ReportGeneratorConfiguration: Property 'jmeter.reportgenerator.exporter.html.series_filter' not found, using default value '' instead.
2026-04-14 01:10:24,315 INFO o.a.j.r.c.ReportGeneratorConfiguration: Property 'jmeter.reportgenerator.exporter.html.show_controllers_only' not found, using default value 'false' instead.
2026-04-14 01:10:24,325 INFO o.a.j.e.StandardJMeterEngine: Running the test!
2026-04-14 01:10:24,326 INFO o.a.j.s.SampleEvent: List of sample_variables: []
2026-04-14 01:10:24,326 INFO o.a.j.s.SampleEvent: List of sample_variables: []
2026-04-14 01:10:24,331 INFO o.a.j.e.u.CompoundVariable: Note: Function class names must contain the string: '.functions.'
2026-04-14 01:10:24,331 INFO o.a.j.e.u.CompoundVariable: Note: Function class names must not contain the string: '.gui.'
2026-04-14 01:10:24,379 INFO o.a.j.JMeter: Running test (1776100224379)
2026-04-14 01:10:24,390 INFO o.a.j.e.StandardJMeterEngine: Starting ThreadGroup: 1 : 基线压测 100 并发
2026-04-14 01:10:24,390 INFO o.a.j.e.StandardJMeterEngine: Starting 100 threads for group 基线压测 100 并发.
2026-04-14 01:10:24,390 INFO o.a.j.e.StandardJMeterEngine: Thread will continue on error
2026-04-14 01:10:24,390 INFO o.a.j.t.ThreadGroup: Starting thread group... number=1 threads=100 ramp-up=10 delayedStart=false
2026-04-14 01:10:24,434 INFO o.a.j.t.ThreadGroup: Started thread group number 1
2026-04-14 01:10:24,434 INFO o.a.j.e.StandardJMeterEngine: All thread groups have been started
2026-04-14 01:10:24,550 INFO o.a.j.t.JMeterThread: Thread started: 基线压测 100 并发 1-1
2026-04-14 01:10:24,556 INFO o.a.j.s.FileServer: Stored: tokens.csv
2026-04-14 01:10:24,615 INFO o.a.j.s.SampleResult: Note: Sample TimeStamps are START times
2026-04-14 01:10:24,615 INFO o.a.j.s.SampleResult: sampleresult.default.encoding is set to UTF-8
2026-04-14 01:10:24,615 INFO o.a.j.s.SampleResult: sampleresult.useNanoTime=true
2026-04-14 01:10:24,615 INFO o.a.j.s.SampleResult: sampleresult.nanoThreadSleep=5000
2026-04-14 01:10:24,620 INFO o.a.j.t.JMeterThread: Thread is done: 基线压测 100 并发 1-1
2026-04-14 01:10:24,620 INFO o.a.j.t.JMeterThread: Thread finished: 基线压测 100 并发 1-1
2026-04-14 01:10:24,650 INFO o.a.j.t.JMeterThread: Thread started: 基线压测 100 并发 1-2
2026-04-14 01:10:24,653 INFO o.a.j.t.JMeterThread: Thread is done: 基线压测 100 并发 1-2
2026-04-14 01:10:24,653 INFO o.a.j.t.JMeterThread: Thread finished: 基线压测 100 并发 1-2
2026-04-14 01:10:24,750 INFO o.a.j.t.JMeterThread: Thread started: 基线压测 100 并发 1-3
2026-04-14 01:10:24,752 INFO o.a.j.t.JMeterThread: Thread is done: 基线压测 100 并发 1-3
2026-04-14 01:10:24,752 INFO o.a.j.t.JMeterThread: Thread finished: 基线压测 100 并发 1-3
2026-04-14 01:10:24,848 INFO o.a.j.t.JMeterThread: Thread started: 基线压测 100 并发 1-4
2026-04-14 01:10:24,850 INFO o.a.j.t.JMeterThread: Thread is done: 基线压测 100 并发 1-4
2026-04-14 01:10:24,850 INFO o.a.j.t.JMeterThread: Thread finished: 基线压测 100 并发 1-4
2026-04-14 01:10:24,949 INFO o.a.j.t.JMeterThread: Thread started: 基线压测 100 并发 1-5
2026-04-14 01:10:24,951 INFO o.a.j.t.JMeterThread: Thread is done: 基线压测 100 并发 1-5
2026-04-14 01:10:24,951 INFO o.a.j.t.JMeterThread: Thread finished: 基线压测 100 并发 1-5
2026-04-14 01:10:25,048 INFO o.a.j.t.JMeterThread: Thread started: 基线压测 100 并发 1-6
2026-04-14 01:10:25,049 INFO o.a.j.t.JMeterThread: Thread is done: 基线压测 100 并发 1-6
2026-04-14 01:10:25,049 INFO o.a.j.t.JMeterThread: Thread finished: 基线压测 100 并发 1-6
2026-04-14 01:10:25,148 INFO o.a.j.t.JMeterThread: Thread started: 基线压测 100 并发 1-7
2026-04-14 01:10:25,149 INFO o.a.j.t.JMeterThread: Thread is done: 基线压测 100 并发 1-7
2026-04-14 01:10:25,149 INFO o.a.j.t.JMeterThread: Thread finished: 基线压测 100 并发 1-7
2026-04-14 01:10:25,247 INFO o.a.j.t.JMeterThread: Thread started: 基线压测 100 并发 1-8
2026-04-14 01:10:25,248 INFO o.a.j.t.JMeterThread: Thread is done: 基线压测 100 并发 1-8
2026-04-14 01:10:25,248 INFO o.a.j.t.JMeterThread: Thread finished: 基线压测 100 并发 1-8
2026-04-14 01:10:25,347 INFO o.a.j.t.JMeterThread: Thread started: 基线压测 100 并发 1-9
2026-04-14 01:10:25,350 INFO o.a.j.t.JMeterThread: Thread is done: 基线压测 100 并发 1-9
2026-04-14 01:10:25,350 INFO o.a.j.t.JMeterThread: Thread finished: 基线压测 100 并发 1-9
2026-04-14 01:10:25,448 INFO o.a.j.t.JMeterThread: Thread started: 基线压测 100 并发 1-10
2026-04-14 01:10:25,449 INFO o.a.j.t.JMeterThread: Thread is done: 基线压测 100 并发 1-10
2026-04-14 01:10:25,449 INFO o.a.j.t.JMeterThread: Thread finished: 基线压测 100 并发 1-10
2026-04-14 01:10:25,546 INFO o.a.j.t.JMeterThread: Thread started: 基线压测 100 并发 1-11
2026-04-14 01:10:25,547 INFO o.a.j.t.JMeterThread: Thread is done: 基线压测 100 并发 1-11
2026-04-14 01:10:25,547 INFO o.a.j.t.JMeterThread: Thread finished: 基线压测 100 并发 1-11
2026-04-14 01:10:25,644 INFO o.a.j.t.JMeterThread: Thread started: 基线压测 100 并发 1-12
2026-04-14 01:10:25,645 INFO o.a.j.t.JMeterThread: Thread is done: 基线压测 100 并发 1-12
2026-04-14 01:10:25,645 INFO o.a.j.t.JMeterThread: Thread finished: 基线压测 100 并发 1-12
2026-04-14 01:10:25,742 INFO o.a.j.t.JMeterThread: Thread started: 基线压测 100 并发 1-13
2026-04-14 01:10:25,743 INFO o.a.j.t.JMeterThread: Thread is done: 基线压测 100 并发 1-13
2026-04-14 01:10:25,743 INFO o.a.j.t.JMeterThread: Thread finished: 基线压测 100 并发 1-13
2026-04-14 01:10:25,842 INFO o.a.j.t.JMeterThread: Thread started: 基线压测 100 并发 1-14
2026-04-14 01:10:25,844 INFO o.a.j.t.JMeterThread: Thread is done: 基线压测 100 并发 1-14
2026-04-14 01:10:25,844 INFO o.a.j.t.JMeterThread: Thread finished: 基线压测 100 并发 1-14
2026-04-14 01:10:25,941 INFO o.a.j.t.JMeterThread: Thread started: 基线压测 100 并发 1-15
2026-04-14 01:10:25,942 INFO o.a.j.t.JMeterThread: Thread is done: 基线压测 100 并发 1-15
2026-04-14 01:10:25,942 INFO o.a.j.t.JMeterThread: Thread finished: 基线压测 100 并发 1-15
2026-04-14 01:10:26,043 INFO o.a.j.t.JMeterThread: Thread started: 基线压测 100 并发 1-16
2026-04-14 01:10:26,045 INFO o.a.j.t.JMeterThread: Thread is done: 基线压测 100 并发 1-16
2026-04-14 01:10:26,045 INFO o.a.j.t.JMeterThread: Thread finished: 基线压测 100 并发 1-16
2026-04-14 01:10:26,140 INFO o.a.j.t.JMeterThread: Thread started: 基线压测 100 并发 1-17
2026-04-14 01:10:26,141 INFO o.a.j.t.JMeterThread: Thread is done: 基线压测 100 并发 1-17
2026-04-14 01:10:26,141 INFO o.a.j.t.JMeterThread: Thread finished: 基线压测 100 并发 1-17
2026-04-14 01:10:26,239 INFO o.a.j.t.JMeterThread: Thread started: 基线压测 100 并发 1-18
2026-04-14 01:10:26,241 INFO o.a.j.t.JMeterThread: Thread is done: 基线压测 100 并发 1-18
2026-04-14 01:10:26,241 INFO o.a.j.t.JMeterThread: Thread finished: 基线压测 100 并发 1-18
2026-04-14 01:10:26,341 INFO o.a.j.t.JMeterThread: Thread started: 基线压测 100 并发 1-19
2026-04-14 01:10:26,343 INFO o.a.j.t.JMeterThread: Thread is done: 基线压测 100 并发 1-19
2026-04-14 01:10:26,343 INFO o.a.j.t.JMeterThread: Thread finished: 基线压测 100 并发 1-19
2026-04-14 01:10:26,438 INFO o.a.j.t.JMeterThread: Thread started: 基线压测 100 并发 1-20
2026-04-14 01:10:26,441 INFO o.a.j.t.JMeterThread: Thread is done: 基线压测 100 并发 1-20
2026-04-14 01:10:26,441 INFO o.a.j.t.JMeterThread: Thread finished: 基线压测 100 并发 1-20
2026-04-14 01:10:26,540 INFO o.a.j.t.JMeterThread: Thread started: 基线压测 100 并发 1-21
2026-04-14 01:10:26,541 INFO o.a.j.t.JMeterThread: Thread is done: 基线压测 100 并发 1-21
2026-04-14 01:10:26,541 INFO o.a.j.t.JMeterThread: Thread finished: 基线压测 100 并发 1-21
2026-04-14 01:10:26,640 INFO o.a.j.t.JMeterThread: Thread started: 基线压测 100 并发 1-22
2026-04-14 01:10:26,641 INFO o.a.j.t.JMeterThread: Thread is done: 基线压测 100 并发 1-22
2026-04-14 01:10:26,641 INFO o.a.j.t.JMeterThread: Thread finished: 基线压测 100 并发 1-22
2026-04-14 01:10:26,738 INFO o.a.j.t.JMeterThread: Thread started: 基线压测 100 并发 1-23
2026-04-14 01:10:26,741 INFO o.a.j.t.JMeterThread: Thread is done: 基线压测 100 并发 1-23
2026-04-14 01:10:26,741 INFO o.a.j.t.JMeterThread: Thread finished: 基线压测 100 并发 1-23
2026-04-14 01:10:26,838 INFO o.a.j.t.JMeterThread: Thread started: 基线压测 100 并发 1-24
2026-04-14 01:10:26,839 INFO o.a.j.t.JMeterThread: Thread is done: 基线压测 100 并发 1-24
2026-04-14 01:10:26,839 INFO o.a.j.t.JMeterThread: Thread finished: 基线压测 100 并发 1-24
2026-04-14 01:10:26,940 INFO o.a.j.t.JMeterThread: Thread started: 基线压测 100 并发 1-25
2026-04-14 01:10:26,941 INFO o.a.j.t.JMeterThread: Thread is done: 基线压测 100 并发 1-25
2026-04-14 01:10:26,941 INFO o.a.j.t.JMeterThread: Thread finished: 基线压测 100 并发 1-25
2026-04-14 01:10:27,039 INFO o.a.j.t.JMeterThread: Thread started: 基线压测 100 并发 1-26
2026-04-14 01:10:27,040 INFO o.a.j.t.JMeterThread: Thread is done: 基线压测 100 并发 1-26
2026-04-14 01:10:27,040 INFO o.a.j.t.JMeterThread: Thread finished: 基线压测 100 并发 1-26
2026-04-14 01:10:27,137 INFO o.a.j.t.JMeterThread: Thread started: 基线压测 100 并发 1-27
2026-04-14 01:10:27,138 INFO o.a.j.t.JMeterThread: Thread is done: 基线压测 100 并发 1-27
2026-04-14 01:10:27,138 INFO o.a.j.t.JMeterThread: Thread finished: 基线压测 100 并发 1-27
2026-04-14 01:10:27,238 INFO o.a.j.t.JMeterThread: Thread started: 基线压测 100 并发 1-28
2026-04-14 01:10:27,241 INFO o.a.j.t.JMeterThread: Thread is done: 基线压测 100 并发 1-28
2026-04-14 01:10:27,241 INFO o.a.j.t.JMeterThread: Thread finished: 基线压测 100 并发 1-28
2026-04-14 01:10:27,338 INFO o.a.j.t.JMeterThread: Thread started: 基线压测 100 并发 1-29
2026-04-14 01:10:27,340 INFO o.a.j.t.JMeterThread: Thread is done: 基线压测 100 并发 1-29
2026-04-14 01:10:27,340 INFO o.a.j.t.JMeterThread: Thread finished: 基线压测 100 并发 1-29
2026-04-14 01:10:27,436 INFO o.a.j.t.JMeterThread: Thread started: 基线压测 100 并发 1-30
2026-04-14 01:10:27,437 INFO o.a.j.t.JMeterThread: Thread is done: 基线压测 100 并发 1-30
2026-04-14 01:10:27,437 INFO o.a.j.t.JMeterThread: Thread finished: 基线压测 100 并发 1-30
2026-04-14 01:10:27,536 INFO o.a.j.t.JMeterThread: Thread started: 基线压测 100 并发 1-31
2026-04-14 01:10:27,538 INFO o.a.j.t.JMeterThread: Thread is done: 基线压测 100 并发 1-31
2026-04-14 01:10:27,538 INFO o.a.j.t.JMeterThread: Thread finished: 基线压测 100 并发 1-31
2026-04-14 01:10:27,635 INFO o.a.j.t.JMeterThread: Thread started: 基线压测 100 并发 1-32
2026-04-14 01:10:27,635 INFO o.a.j.t.JMeterThread: Thread is done: 基线压测 100 并发 1-32
2026-04-14 01:10:27,635 INFO o.a.j.t.JMeterThread: Thread finished: 基线压测 100 并发 1-32
2026-04-14 01:10:27,734 INFO o.a.j.t.JMeterThread: Thread started: 基线压测 100 并发 1-33
2026-04-14 01:10:27,735 INFO o.a.j.t.JMeterThread: Thread is done: 基线压测 100 并发 1-33
2026-04-14 01:10:27,735 INFO o.a.j.t.JMeterThread: Thread finished: 基线压测 100 并发 1-33
2026-04-14 01:10:27,835 INFO o.a.j.t.JMeterThread: Thread started: 基线压测 100 并发 1-34
2026-04-14 01:10:27,837 INFO o.a.j.t.JMeterThread: Thread is done: 基线压测 100 并发 1-34
2026-04-14 01:10:27,837 INFO o.a.j.t.JMeterThread: Thread finished: 基线压测 100 并发 1-34
2026-04-14 01:10:27,934 INFO o.a.j.t.JMeterThread: Thread started: 基线压测 100 并发 1-35
2026-04-14 01:10:27,936 INFO o.a.j.t.JMeterThread: Thread is done: 基线压测 100 并发 1-35
2026-04-14 01:10:27,936 INFO o.a.j.t.JMeterThread: Thread finished: 基线压测 100 并发 1-35
2026-04-14 01:10:28,034 INFO o.a.j.t.JMeterThread: Thread started: 基线压测 100 并发 1-36
2026-04-14 01:10:28,036 INFO o.a.j.t.JMeterThread: Thread is done: 基线压测 100 并发 1-36
2026-04-14 01:10:28,036 INFO o.a.j.t.JMeterThread: Thread finished: 基线压测 100 并发 1-36
2026-04-14 01:10:28,134 INFO o.a.j.t.JMeterThread: Thread started: 基线压测 100 并发 1-37
2026-04-14 01:10:28,135 INFO o.a.j.t.JMeterThread: Thread is done: 基线压测 100 并发 1-37
2026-04-14 01:10:28,135 INFO o.a.j.t.JMeterThread: Thread finished: 基线压测 100 并发 1-37
2026-04-14 01:10:28,234 INFO o.a.j.t.JMeterThread: Thread started: 基线压测 100 并发 1-38
2026-04-14 01:10:28,235 INFO o.a.j.t.JMeterThread: Thread is done: 基线压测 100 并发 1-38
2026-04-14 01:10:28,235 INFO o.a.j.t.JMeterThread: Thread finished: 基线压测 100 并发 1-38
2026-04-14 01:10:28,332 INFO o.a.j.t.JMeterThread: Thread started: 基线压测 100 并发 1-39
2026-04-14 01:10:28,334 INFO o.a.j.t.JMeterThread: Thread is done: 基线压测 100 并发 1-39
2026-04-14 01:10:28,334 INFO o.a.j.t.JMeterThread: Thread finished: 基线压测 100 并发 1-39
2026-04-14 01:10:28,434 INFO o.a.j.t.JMeterThread: Thread started: 基线压测 100 并发 1-40
2026-04-14 01:10:28,436 INFO o.a.j.t.JMeterThread: Thread is done: 基线压测 100 并发 1-40
2026-04-14 01:10:28,436 INFO o.a.j.t.JMeterThread: Thread finished: 基线压测 100 并发 1-40
2026-04-14 01:10:28,533 INFO o.a.j.t.JMeterThread: Thread started: 基线压测 100 并发 1-41
2026-04-14 01:10:28,536 INFO o.a.j.t.JMeterThread: Thread is done: 基线压测 100 并发 1-41
2026-04-14 01:10:28,536 INFO o.a.j.t.JMeterThread: Thread finished: 基线压测 100 并发 1-41
2026-04-14 01:10:28,632 INFO o.a.j.t.JMeterThread: Thread started: 基线压测 100 并发 1-42
2026-04-14 01:10:28,633 INFO o.a.j.t.JMeterThread: Thread is done: 基线压测 100 并发 1-42
2026-04-14 01:10:28,633 INFO o.a.j.t.JMeterThread: Thread finished: 基线压测 100 并发 1-42
2026-04-14 01:10:28,732 INFO o.a.j.t.JMeterThread: Thread started: 基线压测 100 并发 1-43
2026-04-14 01:10:28,734 INFO o.a.j.t.JMeterThread: Thread is done: 基线压测 100 并发 1-43
2026-04-14 01:10:28,734 INFO o.a.j.t.JMeterThread: Thread finished: 基线压测 100 并发 1-43
2026-04-14 01:10:28,833 INFO o.a.j.t.JMeterThread: Thread started: 基线压测 100 并发 1-44
2026-04-14 01:10:28,834 INFO o.a.j.t.JMeterThread: Thread is done: 基线压测 100 并发 1-44
2026-04-14 01:10:28,834 INFO o.a.j.t.JMeterThread: Thread finished: 基线压测 100 并发 1-44
2026-04-14 01:10:28,932 INFO o.a.j.t.JMeterThread: Thread started: 基线压测 100 并发 1-45
2026-04-14 01:10:28,933 INFO o.a.j.t.JMeterThread: Thread is done: 基线压测 100 并发 1-45
2026-04-14 01:10:28,933 INFO o.a.j.t.JMeterThread: Thread finished: 基线压测 100 并发 1-45
2026-04-14 01:10:29,032 INFO o.a.j.t.JMeterThread: Thread started: 基线压测 100 并发 1-46
2026-04-14 01:10:29,033 INFO o.a.j.t.JMeterThread: Thread is done: 基线压测 100 并发 1-46
2026-04-14 01:10:29,033 INFO o.a.j.t.JMeterThread: Thread finished: 基线压测 100 并发 1-46
2026-04-14 01:10:29,131 INFO o.a.j.t.JMeterThread: Thread started: 基线压测 100 并发 1-47
2026-04-14 01:10:29,132 INFO o.a.j.t.JMeterThread: Thread is done: 基线压测 100 并发 1-47
2026-04-14 01:10:29,132 INFO o.a.j.t.JMeterThread: Thread finished: 基线压测 100 并发 1-47
2026-04-14 01:10:29,231 INFO o.a.j.t.JMeterThread: Thread started: 基线压测 100 并发 1-48
2026-04-14 01:10:29,234 INFO o.a.j.t.JMeterThread: Thread is done: 基线压测 100 并发 1-48
2026-04-14 01:10:29,234 INFO o.a.j.t.JMeterThread: Thread finished: 基线压测 100 并发 1-48
2026-04-14 01:10:29,332 INFO o.a.j.t.JMeterThread: Thread started: 基线压测 100 并发 1-49
2026-04-14 01:10:29,333 INFO o.a.j.t.JMeterThread: Thread is done: 基线压测 100 并发 1-49
2026-04-14 01:10:29,333 INFO o.a.j.t.JMeterThread: Thread finished: 基线压测 100 并发 1-49
2026-04-14 01:10:29,431 INFO o.a.j.t.JMeterThread: Thread started: 基线压测 100 并发 1-50
2026-04-14 01:10:29,433 INFO o.a.j.t.JMeterThread: Thread is done: 基线压测 100 并发 1-50
2026-04-14 01:10:29,433 INFO o.a.j.t.JMeterThread: Thread finished: 基线压测 100 并发 1-50
2026-04-14 01:10:29,530 INFO o.a.j.t.JMeterThread: Thread started: 基线压测 100 并发 1-51
2026-04-14 01:10:29,531 INFO o.a.j.t.JMeterThread: Thread is done: 基线压测 100 并发 1-51
2026-04-14 01:10:29,531 INFO o.a.j.t.JMeterThread: Thread finished: 基线压测 100 并发 1-51
2026-04-14 01:10:29,629 INFO o.a.j.t.JMeterThread: Thread started: 基线压测 100 并发 1-52
2026-04-14 01:10:29,630 INFO o.a.j.t.JMeterThread: Thread is done: 基线压测 100 并发 1-52
2026-04-14 01:10:29,630 INFO o.a.j.t.JMeterThread: Thread finished: 基线压测 100 并发 1-52
2026-04-14 01:10:29,730 INFO o.a.j.t.JMeterThread: Thread started: 基线压测 100 并发 1-53
2026-04-14 01:10:29,731 INFO o.a.j.t.JMeterThread: Thread is done: 基线压测 100 并发 1-53
2026-04-14 01:10:29,731 INFO o.a.j.t.JMeterThread: Thread finished: 基线压测 100 并发 1-53
2026-04-14 01:10:29,830 INFO o.a.j.t.JMeterThread: Thread started: 基线压测 100 并发 1-54
2026-04-14 01:10:29,832 INFO o.a.j.t.JMeterThread: Thread is done: 基线压测 100 并发 1-54
2026-04-14 01:10:29,832 INFO o.a.j.t.JMeterThread: Thread finished: 基线压测 100 并发 1-54
2026-04-14 01:10:29,929 INFO o.a.j.t.JMeterThread: Thread started: 基线压测 100 并发 1-55
2026-04-14 01:10:29,931 INFO o.a.j.t.JMeterThread: Thread is done: 基线压测 100 并发 1-55
2026-04-14 01:10:29,931 INFO o.a.j.t.JMeterThread: Thread finished: 基线压测 100 并发 1-55
2026-04-14 01:10:30,028 INFO o.a.j.t.JMeterThread: Thread started: 基线压测 100 并发 1-56
2026-04-14 01:10:30,031 INFO o.a.j.r.Summariser: summary +     56 in 00:00:06 =    9.9/s Avg:     0 Min:     0 Max:     0 Err:    56 (100.00%) Active: 1 Started: 56 Finished: 55
2026-04-14 01:10:30,032 INFO o.a.j.t.JMeterThread: Thread is done: 基线压测 100 并发 1-56
2026-04-14 01:10:30,032 INFO o.a.j.t.JMeterThread: Thread finished: 基线压测 100 并发 1-56
2026-04-14 01:10:30,126 INFO o.a.j.t.JMeterThread: Thread started: 基线压测 100 并发 1-57
2026-04-14 01:10:30,127 INFO o.a.j.t.JMeterThread: Thread is done: 基线压测 100 并发 1-57
2026-04-14 01:10:30,127 INFO o.a.j.t.JMeterThread: Thread finished: 基线压测 100 并发 1-57
2026-04-14 01:10:30,227 INFO o.a.j.t.JMeterThread: Thread started: 基线压测 100 并发 1-58
2026-04-14 01:10:30,229 INFO o.a.j.t.JMeterThread: Thread is done: 基线压测 100 并发 1-58
2026-04-14 01:10:30,229 INFO o.a.j.t.JMeterThread: Thread finished: 基线压测 100 并发 1-58
2026-04-14 01:10:30,327 INFO o.a.j.t.JMeterThread: Thread started: 基线压测 100 并发 1-59
2026-04-14 01:10:30,328 INFO o.a.j.t.JMeterThread: Thread is done: 基线压测 100 并发 1-59
2026-04-14 01:10:30,328 INFO o.a.j.t.JMeterThread: Thread finished: 基线压测 100 并发 1-59
2026-04-14 01:10:30,427 INFO o.a.j.t.JMeterThread: Thread started: 基线压测 100 并发 1-60
2026-04-14 01:10:30,428 INFO o.a.j.t.JMeterThread: Thread is done: 基线压测 100 并发 1-60
2026-04-14 01:10:30,428 INFO o.a.j.t.JMeterThread: Thread finished: 基线压测 100 并发 1-60
2026-04-14 01:10:30,527 INFO o.a.j.t.JMeterThread: Thread started: 基线压测 100 并发 1-61
2026-04-14 01:10:30,529 INFO o.a.j.t.JMeterThread: Thread is done: 基线压测 100 并发 1-61
2026-04-14 01:10:30,530 INFO o.a.j.t.JMeterThread: Thread finished: 基线压测 100 并发 1-61
2026-04-14 01:10:30,625 INFO o.a.j.t.JMeterThread: Thread started: 基线压测 100 并发 1-62
2026-04-14 01:10:30,627 INFO o.a.j.t.JMeterThread: Thread is done: 基线压测 100 并发 1-62
2026-04-14 01:10:30,627 INFO o.a.j.t.JMeterThread: Thread finished: 基线压测 100 并发 1-62
2026-04-14 01:10:30,724 INFO o.a.j.t.JMeterThread: Thread started: 基线压测 100 并发 1-63
2026-04-14 01:10:30,727 INFO o.a.j.t.JMeterThread: Thread is done: 基线压测 100 并发 1-63
2026-04-14 01:10:30,727 INFO o.a.j.t.JMeterThread: Thread finished: 基线压测 100 并发 1-63
2026-04-14 01:10:30,825 INFO o.a.j.t.JMeterThread: Thread started: 基线压测 100 并发 1-64
2026-04-14 01:10:30,830 INFO o.a.j.t.JMeterThread: Thread is done: 基线压测 100 并发 1-64
2026-04-14 01:10:30,830 INFO o.a.j.t.JMeterThread: Thread finished: 基线压测 100 并发 1-64
2026-04-14 01:10:30,923 INFO o.a.j.t.JMeterThread: Thread started: 基线压测 100 并发 1-65
2026-04-14 01:10:30,924 INFO o.a.j.t.JMeterThread: Thread is done: 基线压测 100 并发 1-65
2026-04-14 01:10:30,924 INFO o.a.j.t.JMeterThread: Thread finished: 基线压测 100 并发 1-65
2026-04-14 01:10:31,025 INFO o.a.j.t.JMeterThread: Thread started: 基线压测 100 并发 1-66
2026-04-14 01:10:31,027 INFO o.a.j.t.JMeterThread: Thread is done: 基线压测 100 并发 1-66
2026-04-14 01:10:31,027 INFO o.a.j.t.JMeterThread: Thread finished: 基线压测 100 并发 1-66
2026-04-14 01:10:31,124 INFO o.a.j.t.JMeterThread: Thread started: 基线压测 100 并发 1-67
2026-04-14 01:10:31,126 INFO o.a.j.t.JMeterThread: Thread is done: 基线压测 100 并发 1-67
2026-04-14 01:10:31,126 INFO o.a.j.t.JMeterThread: Thread finished: 基线压测 100 并发 1-67
2026-04-14 01:10:31,222 INFO o.a.j.t.JMeterThread: Thread started: 基线压测 100 并发 1-68
2026-04-14 01:10:31,224 INFO o.a.j.t.JMeterThread: Thread is done: 基线压测 100 并发 1-68
2026-04-14 01:10:31,224 INFO o.a.j.t.JMeterThread: Thread finished: 基线压测 100 并发 1-68
2026-04-14 01:10:31,322 INFO o.a.j.t.JMeterThread: Thread started: 基线压测 100 并发 1-69
2026-04-14 01:10:31,324 INFO o.a.j.t.JMeterThread: Thread is done: 基线压测 100 并发 1-69
2026-04-14 01:10:31,324 INFO o.a.j.t.JMeterThread: Thread finished: 基线压测 100 并发 1-69
2026-04-14 01:10:31,422 INFO o.a.j.t.JMeterThread: Thread started: 基线压测 100 并发 1-70
2026-04-14 01:10:31,423 INFO o.a.j.t.JMeterThread: Thread is done: 基线压测 100 并发 1-70
2026-04-14 01:10:31,423 INFO o.a.j.t.JMeterThread: Thread finished: 基线压测 100 并发 1-70
2026-04-14 01:10:31,521 INFO o.a.j.t.JMeterThread: Thread started: 基线压测 100 并发 1-71
2026-04-14 01:10:31,522 INFO o.a.j.t.JMeterThread: Thread is done: 基线压测 100 并发 1-71
2026-04-14 01:10:31,522 INFO o.a.j.t.JMeterThread: Thread finished: 基线压测 100 并发 1-71
2026-04-14 01:10:31,619 INFO o.a.j.t.JMeterThread: Thread started: 基线压测 100 并发 1-72
2026-04-14 01:10:31,620 INFO o.a.j.t.JMeterThread: Thread is done: 基线压测 100 并发 1-72
2026-04-14 01:10:31,620 INFO o.a.j.t.JMeterThread: Thread finished: 基线压测 100 并发 1-72
2026-04-14 01:10:31,718 INFO o.a.j.t.JMeterThread: Thread started: 基线压测 100 并发 1-73
2026-04-14 01:10:31,719 INFO o.a.j.t.JMeterThread: Thread is done: 基线压测 100 并发 1-73
2026-04-14 01:10:31,719 INFO o.a.j.t.JMeterThread: Thread finished: 基线压测 100 并发 1-73
2026-04-14 01:10:31,818 INFO o.a.j.t.JMeterThread: Thread started: 基线压测 100 并发 1-74
2026-04-14 01:10:31,820 INFO o.a.j.t.JMeterThread: Thread is done: 基线压测 100 并发 1-74
2026-04-14 01:10:31,820 INFO o.a.j.t.JMeterThread: Thread finished: 基线压测 100 并发 1-74
2026-04-14 01:10:31,918 INFO o.a.j.t.JMeterThread: Thread started: 基线压测 100 并发 1-75
2026-04-14 01:10:31,919 INFO o.a.j.t.JMeterThread: Thread is done: 基线压测 100 并发 1-75
2026-04-14 01:10:31,919 INFO o.a.j.t.JMeterThread: Thread finished: 基线压测 100 并发 1-75
2026-04-14 01:10:32,017 INFO o.a.j.t.JMeterThread: Thread started: 基线压测 100 并发 1-76
2026-04-14 01:10:32,018 INFO o.a.j.t.JMeterThread: Thread is done: 基线压测 100 并发 1-76
2026-04-14 01:10:32,018 INFO o.a.j.t.JMeterThread: Thread finished: 基线压测 100 并发 1-76
2026-04-14 01:10:32,117 INFO o.a.j.t.JMeterThread: Thread started: 基线压测 100 并发 1-77
2026-04-14 01:10:32,118 INFO o.a.j.t.JMeterThread: Thread is done: 基线压测 100 并发 1-77
2026-04-14 01:10:32,118 INFO o.a.j.t.JMeterThread: Thread finished: 基线压测 100 并发 1-77
2026-04-14 01:10:32,215 INFO o.a.j.t.JMeterThread: Thread started: 基线压测 100 并发 1-78
2026-04-14 01:10:32,216 INFO o.a.j.t.JMeterThread: Thread is done: 基线压测 100 并发 1-78
2026-04-14 01:10:32,216 INFO o.a.j.t.JMeterThread: Thread finished: 基线压测 100 并发 1-78
2026-04-14 01:10:32,316 INFO o.a.j.t.JMeterThread: Thread started: 基线压测 100 并发 1-79
2026-04-14 01:10:32,318 INFO o.a.j.t.JMeterThread: Thread is done: 基线压测 100 并发 1-79
2026-04-14 01:10:32,318 INFO o.a.j.t.JMeterThread: Thread finished: 基线压测 100 并发 1-79
2026-04-14 01:10:32,416 INFO o.a.j.t.JMeterThread: Thread started: 基线压测 100 并发 1-80
2026-04-14 01:10:32,417 INFO o.a.j.t.JMeterThread: Thread is done: 基线压测 100 并发 1-80
2026-04-14 01:10:32,418 INFO o.a.j.t.JMeterThread: Thread finished: 基线压测 100 并发 1-80
2026-04-14 01:10:32,516 INFO o.a.j.t.JMeterThread: Thread started: 基线压测 100 并发 1-81
2026-04-14 01:10:32,519 INFO o.a.j.t.JMeterThread: Thread is done: 基线压测 100 并发 1-81
2026-04-14 01:10:32,519 INFO o.a.j.t.JMeterThread: Thread finished: 基线压测 100 并发 1-81
2026-04-14 01:10:32,614 INFO o.a.j.t.JMeterThread: Thread started: 基线压测 100 并发 1-82
2026-04-14 01:10:32,615 INFO o.a.j.t.JMeterThread: Thread is done: 基线压测 100 并发 1-82
2026-04-14 01:10:32,615 INFO o.a.j.t.JMeterThread: Thread finished: 基线压测 100 并发 1-82
2026-04-14 01:10:32,714 INFO o.a.j.t.JMeterThread: Thread started: 基线压测 100 并发 1-83
2026-04-14 01:10:32,714 INFO o.a.j.t.JMeterThread: Thread is done: 基线压测 100 并发 1-83
2026-04-14 01:10:32,715 INFO o.a.j.t.JMeterThread: Thread finished: 基线压测 100 并发 1-83
2026-04-14 01:10:32,814 INFO o.a.j.t.JMeterThread: Thread started: 基线压测 100 并发 1-84
2026-04-14 01:10:32,816 INFO o.a.j.t.JMeterThread: Thread is done: 基线压测 100 并发 1-84
2026-04-14 01:10:32,816 INFO o.a.j.t.JMeterThread: Thread finished: 基线压测 100 并发 1-84
2026-04-14 01:10:32,916 INFO o.a.j.t.JMeterThread: Thread started: 基线压测 100 并发 1-85
2026-04-14 01:10:32,917 INFO o.a.j.t.JMeterThread: Thread is done: 基线压测 100 并发 1-85
2026-04-14 01:10:32,917 INFO o.a.j.t.JMeterThread: Thread finished: 基线压测 100 并发 1-85
2026-04-14 01:10:33,013 INFO o.a.j.t.JMeterThread: Thread started: 基线压测 100 并发 1-86
2026-04-14 01:10:33,014 INFO o.a.j.t.JMeterThread: Thread is done: 基线压测 100 并发 1-86
2026-04-14 01:10:33,014 INFO o.a.j.t.JMeterThread: Thread finished: 基线压测 100 并发 1-86
2026-04-14 01:10:33,114 INFO o.a.j.t.JMeterThread: Thread started: 基线压测 100 并发 1-87
2026-04-14 01:10:33,116 INFO o.a.j.t.JMeterThread: Thread is done: 基线压测 100 并发 1-87
2026-04-14 01:10:33,116 INFO o.a.j.t.JMeterThread: Thread finished: 基线压测 100 并发 1-87
2026-04-14 01:10:33,212 INFO o.a.j.t.JMeterThread: Thread started: 基线压测 100 并发 1-88
2026-04-14 01:10:33,213 INFO o.a.j.t.JMeterThread: Thread is done: 基线压测 100 并发 1-88
2026-04-14 01:10:33,213 INFO o.a.j.t.JMeterThread: Thread finished: 基线压测 100 并发 1-88
2026-04-14 01:10:33,312 INFO o.a.j.t.JMeterThread: Thread started: 基线压测 100 并发 1-89
2026-04-14 01:10:33,312 INFO o.a.j.t.JMeterThread: Thread is done: 基线压测 100 并发 1-89
2026-04-14 01:10:33,313 INFO o.a.j.t.JMeterThread: Thread finished: 基线压测 100 并发 1-89
2026-04-14 01:10:33,413 INFO o.a.j.t.JMeterThread: Thread started: 基线压测 100 并发 1-90
2026-04-14 01:10:33,414 INFO o.a.j.t.JMeterThread: Thread is done: 基线压测 100 并发 1-90
2026-04-14 01:10:33,414 INFO o.a.j.t.JMeterThread: Thread finished: 基线压测 100 并发 1-90
2026-04-14 01:10:33,511 INFO o.a.j.t.JMeterThread: Thread started: 基线压测 100 并发 1-91
2026-04-14 01:10:33,513 INFO o.a.j.t.JMeterThread: Thread is done: 基线压测 100 并发 1-91
2026-04-14 01:10:33,513 INFO o.a.j.t.JMeterThread: Thread finished: 基线压测 100 并发 1-91
2026-04-14 01:10:33,612 INFO o.a.j.t.JMeterThread: Thread started: 基线压测 100 并发 1-92
2026-04-14 01:10:33,613 INFO o.a.j.t.JMeterThread: Thread is done: 基线压测 100 并发 1-92
2026-04-14 01:10:33,613 INFO o.a.j.t.JMeterThread: Thread finished: 基线压测 100 并发 1-92
2026-04-14 01:10:33,710 INFO o.a.j.t.JMeterThread: Thread started: 基线压测 100 并发 1-93
2026-04-14 01:10:33,711 INFO o.a.j.t.JMeterThread: Thread is done: 基线压测 100 并发 1-93
2026-04-14 01:10:33,711 INFO o.a.j.t.JMeterThread: Thread finished: 基线压测 100 并发 1-93
2026-04-14 01:10:33,811 INFO o.a.j.t.JMeterThread: Thread started: 基线压测 100 并发 1-94
2026-04-14 01:10:33,812 INFO o.a.j.t.JMeterThread: Thread is done: 基线压测 100 并发 1-94
2026-04-14 01:10:33,812 INFO o.a.j.t.JMeterThread: Thread finished: 基线压测 100 并发 1-94
2026-04-14 01:10:33,911 INFO o.a.j.t.JMeterThread: Thread started: 基线压测 100 并发 1-95
2026-04-14 01:10:33,911 INFO o.a.j.t.JMeterThread: Thread is done: 基线压测 100 并发 1-95
2026-04-14 01:10:33,911 INFO o.a.j.t.JMeterThread: Thread finished: 基线压测 100 并发 1-95
2026-04-14 01:10:34,015 INFO o.a.j.t.JMeterThread: Thread started: 基线压测 100 并发 1-96
2026-04-14 01:10:34,017 INFO o.a.j.t.JMeterThread: Thread is done: 基线压测 100 并发 1-96
2026-04-14 01:10:34,017 INFO o.a.j.t.JMeterThread: Thread finished: 基线压测 100 并发 1-96
2026-04-14 01:10:34,110 INFO o.a.j.t.JMeterThread: Thread started: 基线压测 100 并发 1-97
2026-04-14 01:10:34,111 INFO o.a.j.t.JMeterThread: Thread is done: 基线压测 100 并发 1-97
2026-04-14 01:10:34,111 INFO o.a.j.t.JMeterThread: Thread finished: 基线压测 100 并发 1-97
2026-04-14 01:10:34,208 INFO o.a.j.t.JMeterThread: Thread started: 基线压测 100 并发 1-98
2026-04-14 01:10:34,210 INFO o.a.j.t.JMeterThread: Thread is done: 基线压测 100 并发 1-98
2026-04-14 01:10:34,210 INFO o.a.j.t.JMeterThread: Thread finished: 基线压测 100 并发 1-98
2026-04-14 01:10:34,307 INFO o.a.j.t.JMeterThread: Thread started: 基线压测 100 并发 1-99
2026-04-14 01:10:34,308 INFO o.a.j.t.JMeterThread: Thread is done: 基线压测 100 并发 1-99
2026-04-14 01:10:34,308 INFO o.a.j.t.JMeterThread: Thread finished: 基线压测 100 并发 1-99
2026-04-14 01:10:34,407 INFO o.a.j.t.JMeterThread: Thread started: 基线压测 100 并发 1-100
2026-04-14 01:10:34,408 INFO o.a.j.t.JMeterThread: Thread is done: 基线压测 100 并发 1-100
2026-04-14 01:10:34,408 INFO o.a.j.t.JMeterThread: Thread finished: 基线压测 100 并发 1-100
2026-04-14 01:10:34,409 INFO o.a.j.e.StandardJMeterEngine: Notifying test listeners of end of test
2026-04-14 01:10:34,409 INFO o.a.j.s.FileServer: Close: tokens.csv
2026-04-14 01:10:34,413 INFO o.a.j.r.Summariser: summary +     44 in 00:00:04 =   10.0/s Avg:     0 Min:     0 Max:     0 Err:    44 (100.00%) Active: 0 Started: 100 Finished: 100
2026-04-14 01:10:34,414 INFO o.a.j.r.Summariser: summary =    100 in 00:00:10 =   10.0/s Avg:     0 Min:     0 Max:     0 Err:   100 (100.00%)
2026-04-14 01:10:34,415 INFO o.a.j.JMeter: Generating Dashboard
2026-04-14 01:10:34,415 INFO o.a.j.r.d.ReportGenerator: Flushing result collector before report Generation
2026-04-14 01:10:34,428 INFO o.a.j.r.p.NormalizerSampleConsumer: Using format, 'ms', to parse timeStamp field
2026-04-14 01:10:34,522 INFO o.a.j.r.p.AbstractSampleConsumer: class org.apache.jmeter.report.processor.AggregateConsumer#stopProducing(): beginDate produced 0 samples
2026-04-14 01:10:34,522 INFO o.a.j.r.p.AbstractSampleConsumer: class org.apache.jmeter.report.processor.AggregateConsumer#stopProducing(): endDate produced 0 samples
2026-04-14 01:10:34,530 INFO o.a.j.r.p.AbstractSampleConsumer: class org.apache.jmeter.report.processor.ApdexSummaryConsumer#stopProducing(): apdexSummary produced 0 samples
2026-04-14 01:10:34,530 INFO o.a.j.r.p.AbstractSampleConsumer: class org.apache.jmeter.report.processor.RequestsSummaryConsumer#stopProducing(): requestsSummary produced 0 samples
2026-04-14 01:10:34,538 INFO o.a.j.r.p.AbstractSampleConsumer: class org.apache.jmeter.report.processor.StatisticsSummaryConsumer#stopProducing(): statisticsSummary produced 0 samples
2026-04-14 01:10:34,539 INFO o.a.j.r.p.AbstractSampleConsumer: class org.apache.jmeter.report.processor.Top5ErrorsBySamplerConsumer#stopProducing(): top5ErrorsBySampler produced 0 samples
2026-04-14 01:10:34,539 INFO o.a.j.r.p.AbstractSampleConsumer: class org.apache.jmeter.report.processor.ErrorsSummaryConsumer#stopProducing(): errorsSummary produced 0 samples
2026-04-14 01:10:34,539 INFO o.a.j.r.p.AbstractSampleConsumer: class org.apache.jmeter.report.processor.graph.impl.HitsPerSecondGraphConsumer#stopProducing(): hitsPerSecond produced 0 samples
2026-04-14 01:10:34,550 INFO o.a.j.r.p.AbstractSampleConsumer: class org.apache.jmeter.report.processor.graph.impl.LatencyVSRequestGraphConsumer#stopProducing(): latencyVsRequest produced 0 samples
2026-04-14 01:10:34,550 INFO o.a.j.r.p.AbstractSampleConsumer: class org.apache.jmeter.report.processor.graph.impl.SyntheticResponseTimeDistributionGraphConsumer#stopProducing(): syntheticResponseTimeDistribution produced 0 samples
2026-04-14 01:10:34,550 INFO o.a.j.r.p.AbstractSampleConsumer: class org.apache.jmeter.report.processor.graph.impl.BytesThroughputGraphConsumer#stopProducing(): bytesThroughputOverTime produced 0 samples
2026-04-14 01:10:34,550 INFO o.a.j.r.p.AbstractSampleConsumer: class org.apache.jmeter.report.processor.graph.impl.CodesPerSecondGraphConsumer#stopProducing(): codesPerSecond produced 0 samples
2026-04-14 01:10:34,553 INFO o.a.j.r.p.AbstractSampleConsumer: class org.apache.jmeter.report.processor.graph.impl.ResponseTimeVSRequestGraphConsumer#stopProducing(): responseTimeVsRequest produced 0 samples
2026-04-14 01:10:34,553 INFO o.a.j.r.p.AbstractSampleConsumer: class org.apache.jmeter.report.processor.FilterConsumer#stopProducing(): startIntervalControlerFilter produced 700 samples
2026-04-14 01:10:34,554 INFO o.a.j.r.p.AbstractSampleConsumer: class org.apache.jmeter.report.processor.graph.impl.TotalTPSGraphConsumer#stopProducing(): totalTPS produced 0 samples
2026-04-14 01:10:34,554 INFO o.a.j.r.p.AbstractSampleConsumer: class org.apache.jmeter.report.processor.graph.impl.ActiveThreadsGraphConsumer#stopProducing(): activeThreadsOverTime produced 0 samples
2026-04-14 01:10:34,554 INFO o.a.j.r.p.AbstractSampleConsumer: class org.apache.jmeter.report.processor.graph.impl.TimeVSThreadGraphConsumer#stopProducing(): timeVsThreads produced 0 samples
2026-04-14 01:10:34,554 INFO o.a.j.r.p.AbstractSampleConsumer: class org.apache.jmeter.report.processor.graph.impl.ResponseTimeDistributionGraphConsumer#stopProducing(): responseTimeDistribution produced 0 samples
2026-04-14 01:10:34,554 INFO o.a.j.r.p.AbstractSampleConsumer: class org.apache.jmeter.report.processor.graph.impl.TransactionsPerSecondGraphConsumer#stopProducing(): transactionsPerSecond produced 0 samples
2026-04-14 01:10:34,554 INFO o.a.j.r.p.AbstractSampleConsumer: class org.apache.jmeter.report.processor.graph.impl.ResponseTimePercentilesGraphConsumer#stopProducing(): responseTimePercentiles produced 0 samples
2026-04-14 01:10:34,554 INFO o.a.j.r.p.AbstractSampleConsumer: class org.apache.jmeter.report.processor.graph.impl.ResponseTimePercentilesOverTimeGraphConsumer#stopProducing(): responseTimePercentilesOverTime produced 0 samples
2026-04-14 01:10:34,554 INFO o.a.j.r.p.AbstractSampleConsumer: class org.apache.jmeter.report.processor.graph.impl.ResponseTimeOverTimeGraphConsumer#stopProducing(): responseTimesOverTime produced 0 samples
2026-04-14 01:10:34,554 INFO o.a.j.r.p.AbstractSampleConsumer: class org.apache.jmeter.report.processor.graph.impl.ConnectTimeOverTimeGraphConsumer#stopProducing(): connectTimeOverTime produced 0 samples
2026-04-14 01:10:34,554 INFO o.a.j.r.p.AbstractSampleConsumer: class org.apache.jmeter.report.processor.graph.impl.LatencyOverTimeGraphConsumer#stopProducing(): latenciesOverTime produced 0 samples
2026-04-14 01:10:34,554 INFO o.a.j.r.p.AbstractSampleConsumer: class org.apache.jmeter.report.processor.FilterConsumer#stopProducing(): nameFilter produced 1500 samples
2026-04-14 01:10:34,554 INFO o.a.j.r.p.AbstractSampleConsumer: class org.apache.jmeter.report.processor.FilterConsumer#stopProducing(): dateRangeFilter produced 300 samples
2026-04-14 01:10:34,554 INFO o.a.j.r.p.AbstractSampleConsumer: class org.apache.jmeter.report.processor.NormalizerSampleConsumer#stopProducing(): normalizer produced 100 samples
2026-04-14 01:10:34,555 INFO o.a.j.r.p.CsvFileSampleSource: produce(): 100 samples produced in 108ms on channel 0
2026-04-14 01:10:34,555 INFO o.a.j.r.d.ReportGenerator: Exporting data using exporter:'json' of className:'org.apache.jmeter.report.dashboard.JsonExporter'
2026-04-14 01:10:34,608 INFO o.a.j.r.d.JsonExporter: Found data for consumer statisticsSummary in context
2026-04-14 01:10:34,608 INFO o.a.j.r.d.JsonExporter: Creating statistics for overall
2026-04-14 01:10:34,609 INFO o.a.j.r.d.JsonExporter: Creating statistics for other transactions
2026-04-14 01:10:34,609 INFO o.a.j.r.d.JsonExporter: Checking output folder
2026-04-14 01:10:34,609 INFO o.a.j.r.d.JsonExporter: Writing statistics JSON to E:\code\UaaD\tools\jmeter\report-100\statistics.json
2026-04-14 01:10:34,635 INFO o.a.j.r.d.ReportGenerator: Exporting data using exporter:'html' of className:'org.apache.jmeter.report.dashboard.HtmlTemplateExporter'
2026-04-14 01:10:34,637 INFO o.a.j.r.d.HtmlTemplateExporter: Will generate dashboard in folder: E:\code\UaaD\tools\jmeter\report-100
2026-04-14 01:10:34,707 INFO o.a.j.r.d.HtmlTemplateExporter: Report will be generated in: E:\code\UaaD\tools\jmeter\report-100, creating folder structure
2026-04-14 01:10:34,709 INFO o.a.j.r.d.TemplateVisitor: Copying folder from 'D:\apache-jmeter-5.6.3\bin\report-template' to 'E:\code\UaaD\tools\jmeter\report-100', got message: E:\code\UaaD\tools\jmeter\report-100, found non empty folder with following content [E:\code\UaaD\tools\jmeter\report-100\statistics.json], will be ignored
2026-04-14 01:10:34,897 INFO o.a.j.JMeter: Dashboard generated
